#
# A fatal error has been detected by the Java Runtime Environment:
#
#  EXCEPTION_ACCESS_VIOLATION (0xc0000005) at pc=0x000000006da2bbab, pid=13748, tid=23496
#
# JRE version: 6.0_45-b06
# Java VM: Java HotSpot(TM) 64-Bit Server VM (20.45-b01 mixed mode windows-amd64 compressed oops)
# Problematic frame:
# V  [jvm.dll+0x14bbab]
#
# If you would like to submit a bug report, please visit:
#   http://java.sun.com/webapps/bugreport/crash.jsp
#

---------------  T H R E A D  ---------------

Current thread (0x0000000002669000):  JavaThread "JDWP Transport Listener: dt_socket" daemon [_thread_in_vm, id=23496, stack(0x0000000007d40000,0x0000000007e40000)]

siginfo: ExceptionCode=0xc0000005, reading address 0xffffffffffffffff

Registers:
RAX=0x0000000007e3f901, RBX=0x0000000002669000, RCX=0x72746e4568003b79, RDX=0x0000000002669000
RSP=0x0000000007e3f930, RBP=0x72746e4568003b79, RSI=0x0000000007e3fa10, RDI=0x0000000000888400
R8 =0x0000000007e3fa10, R9 =0x0000000000000001, R10=0x0000000000000003, R11=0x0000000007e3f880
R12=0x0000000000000001, R13=0x0000000000000000, R14=0x0000000000000000, R15=0x0000000000000000
RIP=0x000000006da2bbab, EFLAGS=0x0000000000010202

Top of Stack: (sp=0x0000000007e3f930)
0x0000000007e3f930:   0000000000000000 000000006d4f54d3
0x0000000007e3f940:   0000000007e3fb40 000000006dbed485
0x0000000007e3f950:   0000000002669000 000000006dc0c6fa
0x0000000007e3f960:   0000000000000000 0000000002669000
0x0000000007e3f970:   0000000007e3fa10 000000006d4f0d69
0x0000000007e3f980:   0000000002669000 0000000000000000
0x0000000007e3f990:   0000000000000000 0000000000000000
0x0000000007e3f9a0:   0000000000000001 000000006d4eff6e
0x0000000007e3f9b0:   0000000007e3fa10 0000000002660808
0x0000000007e3f9c0:   0000000000000001 72746e4568003b79
0x0000000007e3f9d0:   0000000000000001 72746e4568003b79
0x0000000007e3f9e0:   0000000007e3fb40 000000006d4d4f64
0x0000000007e3f9f0:   0000000007e3fb40 987b57020a000000
0x0000000007e3fa00:   0000000002668dd0 0000000000000000
0x0000000007e3fa10:   0000000a07e3fa00 0000000000000000
0x0000000007e3fa20:   0000000000000000 0000000000000000 

Instructions: (pc=0x000000006da2bbab)
0x000000006da2bb8b:   7c 24 48 48 83 c4 28 c3 cc cc cc cc cc cc cc cc
0x000000006da2bb9b:   cc cc cc cc cc 48 53 48 83 ec 20 48 85 c9 74 55
0x000000006da2bbab:   48 8b 19 48 85 db 74 4d 48 b8 fe fe fe fe fe fe
0x000000006da2bbbb:   fe fe 48 3b d8 74 3e 80 3d 07 2e 5f 00 00 74 16 


Register to memory mapping:

RAX=0x0000000007e3f901 is pointing into the stack for thread: 0x0000000002669000
RBX=0x0000000002669000 is a thread
RCX=0x72746e4568003b79 is an unknown value
RDX=0x0000000002669000 is a thread
RSP=0x0000000007e3f930 is pointing into the stack for thread: 0x0000000002669000
RBP=0x72746e4568003b79 is an unknown value
RSI=0x0000000007e3fa10 is pointing into the stack for thread: 0x0000000002669000
RDI=0x0000000000888400 is an unknown value
R8 =0x0000000007e3fa10 is pointing into the stack for thread: 0x0000000002669000
R9 =0x0000000000000001 is an unknown value
R10=0x0000000000000003 is an unknown value
R11=0x0000000007e3f880 is pointing into the stack for thread: 0x0000000002669000
R12=0x0000000000000001 is an unknown value
R13=0x0000000000000000 is an unknown value
R14=0x0000000000000000 is an unknown value
R15=0x0000000000000000 is an unknown value


Stack: [0x0000000007d40000,0x0000000007e40000],  sp=0x0000000007e3f930,  free space=1022k
Native frames: (J=compiled Java code, j=interpreted, Vv=VM code, C=native code)
V  [jvm.dll+0x14bbab]


---------------  P R O C E S S  ---------------

Java Threads: ( => current thread )
  0x00000000079cc800 JavaThread "Low Memory Detector" daemon [_thread_blocked, id=15316, stack(0x0000000008240000,0x0000000008340000)]
  0x00000000079cc000 JavaThread "C2 CompilerThread1" daemon [_thread_blocked, id=680, stack(0x0000000008140000,0x0000000008240000)]
  0x00000000079c9000 JavaThread "C2 CompilerThread0" daemon [_thread_blocked, id=15232, stack(0x0000000008040000,0x0000000008140000)]
  0x000000000266d000 JavaThread "JDWP Command Reader" daemon [_thread_in_native, id=21224, stack(0x0000000007f40000,0x0000000008040000)]
  0x000000000266b000 JavaThread "JDWP Event Helper Thread" daemon [_thread_blocked, id=18108, stack(0x0000000007e40000,0x0000000007f40000)]
=>0x0000000002669000 JavaThread "JDWP Transport Listener: dt_socket" daemon [_thread_in_vm, id=23496, stack(0x0000000007d40000,0x0000000007e40000)]
  0x0000000002659800 JavaThread "Attach Listener" daemon [_thread_blocked, id=16772, stack(0x0000000007c40000,0x0000000007d40000)]
  0x0000000007961800 JavaThread "Signal Dispatcher" daemon [_thread_blocked, id=12112, stack(0x0000000007b40000,0x0000000007c40000)]
  0x0000000002638800 JavaThread "Finalizer" daemon [_thread_blocked, id=6960, stack(0x0000000007840000,0x0000000007940000)]
  0x0000000002637800 JavaThread "Reference Handler" daemon [_thread_blocked, id=10656, stack(0x0000000007740000,0x0000000007840000)]
  0x000000000088d000 JavaThread "main" [_thread_in_native, id=8416, stack(0x0000000000740000,0x0000000000840000)]

Other Threads:
  0x0000000002630000 VMThread [stack: 0x0000000007640000,0x0000000007740000] [id=13584]
  0x0000000007a1f800 WatcherThread [stack: 0x0000000008340000,0x0000000008440000] [id=2252]

VM state:not at safepoint (normal execution)

VM Mutex/Monitor currently owned by a thread: None

Heap
 PSYoungGen      total 75456K, used 5230K [0x00000007abcb0000, 0x00000007b10e0000, 0x0000000800000000)
  eden space 64704K, 8% used [0x00000007abcb0000,0x00000007ac1cba98,0x00000007afbe0000)
  from space 10752K, 0% used [0x00000007b0660000,0x00000007b0660000,0x00000007b10e0000)
  to   space 10752K, 0% used [0x00000007afbe0000,0x00000007afbe0000,0x00000007b0660000)
 PSOldGen        total 172480K, used 0K [0x0000000703600000, 0x000000070de70000, 0x00000007abcb0000)
  object space 172480K, 0% used [0x0000000703600000,0x0000000703600000,0x000000070de70000)
 PSPermGen       total 21248K, used 5861K [0x00000006fe400000, 0x00000006ff8c0000, 0x0000000703600000)
  object space 21248K, 27% used [0x00000006fe400000,0x00000006fe9b9628,0x00000006ff8c0000)

Code Cache  [0x0000000002670000, 0x00000000028e0000, 0x0000000005670000)
 total_blobs=238 nmethods=10 adapters=190 free_code_cache=49888384 largest_free_block=7936

Dynamic libraries:
0x0000000000400000 - 0x000000000042f000 	C:\Program Files\Java\jdk1.6.0_45\bin\javaw.exe
0x00007ffc9a110000 - 0x00007ffc9a327000 	C:\WINDOWS\SYSTEM32\ntdll.dll
0x00007ffc98450000 - 0x00007ffc98514000 	C:\WINDOWS\System32\KERNEL32.DLL
0x00007ffc97ac0000 - 0x00007ffc97e66000 	C:\WINDOWS\System32\KERNELBASE.dll
0x00007ffc941d0000 - 0x00007ffc94267000 	C:\WINDOWS\SYSTEM32\apphelp.dll
0x00007ffc99f40000 - 0x00007ffc99ff0000 	C:\WINDOWS\System32\ADVAPI32.dll
0x00007ffc99390000 - 0x00007ffc99437000 	C:\WINDOWS\System32\msvcrt.dll
0x00007ffc986d0000 - 0x00007ffc98776000 	C:\WINDOWS\System32\sechost.dll
0x00007ffc99e20000 - 0x00007ffc99f37000 	C:\WINDOWS\System32\RPCRT4.dll
0x00007ffc987f0000 - 0x00007ffc9899d000 	C:\WINDOWS\System32\USER32.dll
0x00007ffc97510000 - 0x00007ffc97536000 	C:\WINDOWS\System32\win32u.dll
0x00007ffc98f20000 - 0x00007ffc98f49000 	C:\WINDOWS\System32\GDI32.dll
0x00007ffc979a0000 - 0x00007ffc97ab8000 	C:\WINDOWS\System32\gdi32full.dll
0x00007ffc975b0000 - 0x00007ffc9764a000 	C:\WINDOWS\System32\msvcp_win.dll
0x00007ffc97650000 - 0x00007ffc97761000 	C:\WINDOWS\System32\ucrtbase.dll
0x00007ffc97f20000 - 0x00007ffc97f51000 	C:\WINDOWS\System32\IMM32.DLL
0x00007ffc741d0000 - 0x00007ffc74240000 	C:\Program Files\BluePex Business Security\a2hooks64.dll
0x00007ffc964b0000 - 0x00007ffc964e4000 	C:\WINDOWS\SYSTEM32\ntmarta.dll
0x000000006d8e0000 - 0x000000006e09c000 	C:\Program Files\Java\jdk1.6.0_45\jre\bin\server\jvm.dll
0x00007ffc91680000 - 0x00007ffc916b4000 	C:\WINDOWS\SYSTEM32\WINMM.dll
0x000000006d850000 - 0x000000006d85e000 	C:\Program Files\Java\jdk1.6.0_45\jre\bin\verify.dll
0x000000006d460000 - 0x000000006d487000 	C:\Program Files\Java\jdk1.6.0_45\jre\bin\java.dll
0x000000006d4d0000 - 0x000000006d504000 	C:\Program Files\Java\jdk1.6.0_45\jre\bin\jdwp.dll
0x000000006d6f0000 - 0x000000006d6f8000 	C:\Program Files\Java\jdk1.6.0_45\jre\bin\npt.dll
0x000000006d410000 - 0x000000006d430000 	C:\Program Files\Java\jdk1.6.0_45\jre\bin\instrument.dll
0x000000006d8a0000 - 0x000000006d8b2000 	C:\Program Files\Java\jdk1.6.0_45\jre\bin\zip.dll
0x000000006d310000 - 0x000000006d319000 	C:\Program Files\Java\jdk1.6.0_45\jre\bin\dt_socket.dll
0x00007ffc98380000 - 0x00007ffc983f1000 	C:\WINDOWS\System32\WS2_32.dll
0x00007ffc708d0000 - 0x00007ffc708e7000 	C:\WINDOWS\system32\napinsp.dll
0x00007ffc705a0000 - 0x00007ffc705bb000 	C:\WINDOWS\system32\pnrpnsp.dll
0x00007ffc96900000 - 0x00007ffc96969000 	C:\WINDOWS\System32\mswsock.dll
0x00007ffc95f70000 - 0x00007ffc96069000 	C:\WINDOWS\SYSTEM32\DNSAPI.dll
0x00007ffc95f00000 - 0x00007ffc95f2d000 	C:\WINDOWS\SYSTEM32\IPHLPAPI.DLL
0x0000000000870000 - 0x0000000000879000 	C:\WINDOWS\System32\NSI.dll
0x00007ffc70580000 - 0x00007ffc70591000 	C:\WINDOWS\System32\winrnr.dll
0x00007ffc70500000 - 0x00007ffc70515000 	C:\WINDOWS\system32\wshbth.dll
0x00007ffc704d0000 - 0x00007ffc704f1000 	C:\WINDOWS\system32\nlansp_c.dll
0x00007ffc90f80000 - 0x00007ffc91004000 	C:\WINDOWS\System32\fwpuclnt.dll
0x00007ffc8ffb0000 - 0x00007ffc8ffba000 	C:\Windows\System32\rasadhlp.dll
0x00007ffc97f10000 - 0x00007ffc97f18000 	C:\WINDOWS\System32\PSAPI.DLL
0x00007ffc97490000 - 0x00007ffc9750a000 	C:\WINDOWS\System32\bcryptPrimitives.dll

VM Arguments:
jvm_args: -agentlib:jdwp=transport=dt_socket,suspend=y,address=localhost:60930 -javaagent:C:\develop\eclipse\2020-06\eclipse-jee-2022-06-R-win32-x86_64\eclipse\configuration\org.eclipse.osgi\407\0\.cp\lib\javaagent-shaded.jar -Dfile.encoding=UTF-8 
java_command: changeenvironment.MainClasses C:\visualmix\config-bk
Launcher Type: SUN_STANDARD

Environment Variables:
JAVA_HOME=C:\Program Files\Java\jdk1.6.0_45
CLASSPATH=C:\Program Files\Java\jdk1.6.0_45\lib\tools.jar;.;
PATH=C:\Program Files\Java\jdk1.6.0_45\jre\bin;C:/Program Files/Java/jdk-11.0.17/bin/server;C:/Program Files/Java/jdk-11.0.17/bin;C:\Program Files\Java\jdk1.6.0_45\bin;C:\WINDOWS\system32;C:\WINDOWS;C:\WINDOWS\System32\Wbem;C:\WINDOWS\System32\WindowsPowerShell\v1.0\;C:\WINDOWS\System32\OpenSSH\;C:\Program Files\Git\cmd;C:\Program Files (x86)\Microsoft SQL Server\150\DTS\Binn\;C:\maven\maven\bin;C:\develop\Maven\3.2.5\bin\bin;C:\Program Files\dotnet\;C:\Program Files\Docker\Docker\resources\bin;C:\Java\apache-tomcat-6.0.13\bin;C:\develop\adb\platform-tools;C:\Program Files (x86)\WinSCP\;C:\develop\gradle\gradle-8.0.2\bin;C:\Program Files\PuTTY\;C:\Users\NB-WAGNER-ARAUJO\AppData\Local\Microsoft\WindowsApps;C:\Users\NB-WAGNER-ARAUJO\AppData\Local\Programs\Microsoft VS Code\bin;C:\develop\eclipse\2020-06\eclipse-jee-2022-06-R-win32-x86_64\eclipse;
USERNAME=NB-WAGNER-ARAUJO
OS=Windows_NT
PROCESSOR_IDENTIFIER=Intel64 Family 6 Model 126 Stepping 5, GenuineIntel



---------------  S Y S T E M  ---------------

OS: Windows 8 , 64 bit Build 9200 

CPU:total 8 (4 cores per cpu, 2 threads per core) family 6 model 126 stepping 5, cmov, cx8, fxsr, mmx, sse, sse2, sse3, ssse3, sse4.1, sse4.2, popcnt, ht

Memory: 4k page, physical 16553776k(6423320k free), swap 22320944k(6610084k free)

vm_info: Java HotSpot(TM) 64-Bit Server VM (20.45-b01) for windows-amd64 JRE (1.6.0_45-b06), built on Apr  1 2013 12:31:37 by "java_re" with MS VC++ 8.0 (VS2005)

time: Sat Oct 21 07:20:43 2023
elapsed time: 3271 seconds

